TN:
SF:src\App.tsx
FN:5,App
FNF:1
FNH:0
FNDA:0,App
DA:6,0
LF:1
LH:0
BRF:0
BRH:0
end_of_record
TN:
SF:src\app\hooks.ts
FN:5,(anonymous_0)
FNF:1
FNH:0
FNDA:0,(anonymous_0)
DA:5,0
DA:6,0
LF:2
LH:0
BRF:0
BRH:0
end_of_record
TN:
SF:src\app\store.ts
FN:21,(anonymous_0)
FNF:1
FNH:0
FNDA:0,(anonymous_0)
DA:7,0
DA:9,0
DA:21,0
DA:22,0
DA:23,0
LF:5
LH:0
BRF:0
BRH:0
end_of_record
TN:
SF:src\components\Money.tsx
FN:1,Money
FNF:1
FNH:1
FNDA:78,Money
DA:2,78
DA:3,78
LF:2
LH:2
BRDA:1,0,0,78
BRF:1
BRH:1
end_of_record
TN:
SF:src\features\checkout\cardUtils.ts
FN:3,sanitizeCardNumber
FN:7,formatCardNumber
FN:12,detectBrand
FN:26,luhnCheck
FN:43,isValidExp
FN:55,isValidCvc
FN:61,isValidCardHolder
FNF:7
FNH:7
FNDA:29,sanitizeCardNumber
FNDA:6,formatCardNumber
FNDA:13,detectBrand
FNDA:7,luhnCheck
FNDA:7,isValidExp
FNDA:11,isValidCvc
FNDA:4,isValidCardHolder
DA:4,29
DA:8,6
DA:9,6
DA:13,13
DA:15,13
DA:17,11
DA:18,11
DA:19,11
DA:20,4
DA:23,7
DA:27,7
DA:28,7
DA:29,5
DA:30,5
DA:31,5
DA:32,80
DA:33,80
DA:34,40
DA:35,40
DA:37,80
DA:38,80
DA:40,5
DA:44,7
DA:45,4
DA:46,4
DA:47,4
DA:49,2
DA:50,2
DA:51,2
DA:52,2
DA:56,11
DA:57,11
DA:58,5
DA:62,4
LF:34
LH:34
BRDA:15,0,0,2
BRDA:15,0,1,11
BRDA:19,1,0,4
BRDA:19,1,1,7
BRDA:19,2,0,11
BRDA:19,2,1,4
BRDA:19,2,2,9
BRDA:19,2,3,6
BRDA:28,3,0,2
BRDA:28,3,1,5
BRDA:33,4,0,40
BRDA:33,4,1,40
BRDA:35,5,0,12
BRDA:35,5,1,28
BRDA:44,6,0,3
BRDA:44,6,1,4
BRDA:44,7,0,7
BRDA:44,7,1,5
BRDA:47,8,0,2
BRDA:47,8,1,2
BRDA:47,9,0,4
BRDA:47,9,1,3
BRDA:57,10,0,6
BRDA:57,10,1,5
BRDA:57,11,0,11
BRDA:57,11,1,7
BRF:26
BRH:26
end_of_record
TN:
SF:src\features\checkout\checkoutApi.ts
FN:10,(anonymous_0)
FN:15,(anonymous_1)
FNF:2
FNH:2
FNDA:1,(anonymous_0)
FNDA:1,(anonymous_1)
DA:9,1
DA:10,1
DA:15,1
LF:3
LH:3
BRF:0
BRH:0
end_of_record
TN:
SF:src\features\checkout\checkoutSlice.ts
FN:61,(anonymous_0)
FN:68,(anonymous_1)
FN:76,(anonymous_2)
FN:80,(anonymous_3)
FN:83,(anonymous_4)
FN:86,(anonymous_5)
FN:89,(anonymous_6)
FN:92,(anonymous_7)
FN:95,(anonymous_8)
FN:99,(anonymous_9)
FN:100,(anonymous_10)
FN:104,(anonymous_11)
FN:109,(anonymous_12)
FN:114,(anonymous_13)
FN:118,(anonymous_14)
FN:121,(anonymous_15)
FNF:16
FNH:16
FNDA:3,(anonymous_0)
FNDA:3,(anonymous_1)
FNDA:1,(anonymous_2)
FNDA:1,(anonymous_3)
FNDA:1,(anonymous_4)
FNDA:2,(anonymous_5)
FNDA:1,(anonymous_6)
FNDA:1,(anonymous_7)
FNDA:1,(anonymous_8)
FNDA:1,(anonymous_9)
FNDA:3,(anonymous_10)
FNDA:1,(anonymous_11)
FNDA:2,(anonymous_12)
FNDA:3,(anonymous_13)
FNDA:1,(anonymous_14)
FNDA:2,(anonymous_15)
DA:26,1
DA:58,1
DA:62,3
DA:65,1
DA:69,3
DA:72,1
DA:77,1
DA:78,1
DA:81,1
DA:84,1
DA:87,2
DA:90,1
DA:93,1
DA:96,1
DA:100,1
DA:101,3
DA:102,3
DA:104,1
DA:105,1
DA:106,1
DA:107,1
DA:109,1
DA:110,2
DA:111,2
DA:114,1
DA:115,3
DA:116,3
DA:118,1
DA:119,1
DA:121,1
DA:122,2
DA:123,2
DA:136,1
LF:33
LH:33
BRDA:111,0,0,2
BRDA:111,0,1,1
BRDA:123,1,0,2
BRDA:123,1,1,1
BRF:4
BRH:4
end_of_record
TN:
SF:src\features\checkout\checkoutValidation.ts
FN:7,validateCustomer
FN:18,validateDelivery
FN:27,validateCard
FN:48,hasErrors
FNF:4
FNH:4
FNDA:3,validateCustomer
FNDA:2,validateDelivery
FNDA:11,validateCard
FNDA:2,hasErrors
DA:8,3
DA:9,3
DA:10,3
DA:11,1
DA:12,3
DA:13,3
DA:14,3
DA:15,3
DA:19,2
DA:20,2
DA:21,2
DA:22,2
DA:23,2
DA:24,2
DA:28,11
DA:29,11
DA:31,11
DA:32,11
DA:34,10
DA:35,1
DA:38,11
DA:39,11
DA:41,11
DA:42,2
DA:45,11
DA:49,2
LF:26
LH:26
BRDA:9,0,0,1
BRDA:9,0,1,2
BRDA:10,1,0,1
BRDA:10,1,1,2
BRDA:10,2,0,1
BRDA:10,2,1,1
BRDA:12,3,0,1
BRDA:12,3,1,2
BRDA:13,4,0,1
BRDA:13,4,1,2
BRDA:14,5,0,1
BRDA:14,5,1,2
BRDA:20,6,0,1
BRDA:20,6,1,1
BRDA:21,7,0,1
BRDA:21,7,1,1
BRDA:22,8,0,1
BRDA:22,8,1,1
BRDA:23,9,0,1
BRDA:23,9,1,1
BRDA:31,10,0,1
BRDA:31,10,1,10
BRDA:32,11,0,1
BRDA:32,11,1,10
BRDA:34,12,0,1
BRDA:34,12,1,9
BRDA:34,13,0,1
BRDA:34,13,1,8
BRDA:38,14,0,1
BRDA:38,14,1,10
BRDA:39,15,0,1
BRDA:39,15,1,10
BRDA:41,16,0,2
BRDA:41,16,1,9
BRDA:41,17,0,11
BRDA:41,17,1,10
BRF:36
BRH:36
end_of_record
TN:
SF:src\features\checkout\types.ts
FNF:0
FNH:0
LF:0
LH:0
BRF:0
BRH:0
end_of_record
TN:
SF:src\features\checkout\validators.ts
FN:3,luhnCheck
FN:21,validateCardBasic
FNF:2
FNH:2
FNDA:18,luhnCheck
FNDA:19,validateCardBasic
DA:4,18
DA:5,18
DA:7,17
DA:8,17
DA:9,17
DA:10,272
DA:11,272
DA:12,136
DA:13,136
DA:15,272
DA:16,272
DA:18,17
DA:22,19
DA:23,18
DA:24,16
DA:25,4
DA:26,12
DA:27,10
DA:28,7
DA:29,3
LF:20
LH:20
BRDA:5,0,0,1
BRDA:5,0,1,17
BRDA:11,1,0,136
BRDA:11,1,1,136
BRDA:13,2,0,0
BRDA:13,2,1,136
BRDA:22,3,0,1
BRDA:22,3,1,18
BRDA:23,4,0,2
BRDA:23,4,1,16
BRDA:24,5,0,4
BRDA:24,5,1,12
BRDA:24,6,0,16
BRDA:24,6,1,14
BRDA:24,6,2,13
BRDA:26,7,0,2
BRDA:26,7,1,10
BRDA:27,8,0,3
BRDA:27,8,1,7
BRDA:28,9,0,4
BRDA:28,9,1,3
BRDA:28,10,0,7
BRDA:28,10,1,5
BRF:23
BRH:22
end_of_record
TN:
SF:src\features\product\productApi.ts
FN:5,(anonymous_0)
FNF:1
FNH:0
FNDA:0,(anonymous_0)
DA:4,0
DA:5,0
LF:2
LH:0
BRF:0
BRH:0
end_of_record
TN:
SF:src\features\product\productSlice.ts
FN:20,(anonymous_0)
FN:28,(anonymous_1)
FN:31,(anonymous_2)
FN:35,(anonymous_3)
FN:36,(anonymous_4)
FN:40,(anonymous_5)
FN:47,(anonymous_6)
FN:57,(anonymous_7)
FN:59,(anonymous_8)
FNF:9
FNH:9
FNDA:5,(anonymous_0)
FNDA:1,(anonymous_1)
FNDA:1,(anonymous_2)
FNDA:1,(anonymous_3)
FNDA:6,(anonymous_4)
FNDA:3,(anonymous_5)
FNDA:2,(anonymous_6)
FNDA:3,(anonymous_7)
FNDA:4,(anonymous_8)
DA:13,1
DA:20,1
DA:21,5
DA:24,1
DA:29,1
DA:32,1
DA:36,1
DA:37,6
DA:38,6
DA:40,1
DA:41,3
DA:42,3
DA:43,3
DA:44,1
DA:47,1
DA:48,2
DA:49,2
DA:54,1
DA:57,1
DA:58,3
DA:59,4
LF:21
LH:21
BRDA:43,0,0,1
BRDA:43,0,1,2
BRDA:43,1,0,3
BRDA:43,1,1,2
BRDA:49,2,0,2
BRDA:49,2,1,1
BRDA:59,3,0,3
BRDA:59,3,1,2
BRF:8
BRH:8
end_of_record
TN:
SF:src\features\product\types.ts
FNF:0
FNH:0
LF:0
LH:0
BRF:0
BRH:0
end_of_record
TN:
SF:src\features\transaction\transactionApi.ts
FN:5,(anonymous_0)
FNF:1
FNH:0
FNDA:0,(anonymous_0)
DA:4,0
DA:5,0
LF:2
LH:0
BRF:0
BRH:0
end_of_record
TN:
SF:src\features\transaction\transactionSlice.ts
FN:25,(anonymous_0)
FN:34,(anonymous_1)
FN:37,(anonymous_2)
FN:40,(anonymous_3)
FN:44,(anonymous_4)
FN:45,(anonymous_5)
FN:49,(anonymous_6)
FN:55,(anonymous_7)
FNF:8
FNH:8
FNDA:3,(anonymous_0)
FNDA:2,(anonymous_1)
FNDA:2,(anonymous_2)
FNDA:1,(anonymous_3)
FNDA:1,(anonymous_4)
FNDA:4,(anonymous_5)
FNDA:1,(anonymous_6)
FNDA:2,(anonymous_7)
DA:14,1
DA:23,1
DA:26,3
DA:30,1
DA:35,2
DA:38,2
DA:41,1
DA:45,1
DA:46,4
DA:47,4
DA:49,1
DA:50,1
DA:51,1
DA:52,1
DA:53,1
DA:55,1
DA:56,2
DA:57,2
DA:62,1
LF:19
LH:19
BRDA:57,0,0,2
BRDA:57,0,1,1
BRF:2
BRH:2
end_of_record
TN:
SF:src\features\transaction\types.ts
FNF:0
FNH:0
LF:0
LH:0
BRF:0
BRH:0
end_of_record
TN:
SF:src\pages\ProductPage.tsx
FN:51,ProductPage
FN:55,(anonymous_1)
FN:56,(anonymous_2)
FN:57,(anonymous_3)
FN:60,(anonymous_4)
FN:64,(anonymous_5)
FN:68,(anonymous_6)
FN:81,handleContinueToSummary
FN:91,handlePay
FN:118,(anonymous_9)
FN:120,validateAll
FN:148,(anonymous_11)
FN:163,(anonymous_12)
FN:241,(anonymous_13)
FN:256,(anonymous_14)
FN:274,(anonymous_15)
FN:286,(anonymous_16)
FN:295,(anonymous_17)
FN:305,(anonymous_18)
FN:325,(anonymous_19)
FN:337,(anonymous_20)
FN:347,(anonymous_21)
FN:357,(anonymous_22)
FN:386,(anonymous_23)
FN:397,(anonymous_24)
FN:409,(anonymous_25)
FN:422,(anonymous_26)
FN:434,(anonymous_27)
FN:448,(anonymous_28)
FN:462,(anonymous_29)
FN:485,(anonymous_30)
FN:498,Row
FNF:32
FNH:20
FNDA:24,ProductPage
FNDA:24,(anonymous_1)
FNDA:24,(anonymous_2)
FNDA:24,(anonymous_3)
FNDA:24,(anonymous_4)
FNDA:15,(anonymous_5)
FNDA:15,(anonymous_6)
FNDA:5,handleContinueToSummary
FNDA:2,handlePay
FNDA:15,(anonymous_9)
FNDA:5,validateAll
FNDA:54,(anonymous_11)
FNDA:1,(anonymous_12)
FNDA:1,(anonymous_13)
FNDA:0,(anonymous_14)
FNDA:1,(anonymous_15)
FNDA:1,(anonymous_16)
FNDA:0,(anonymous_17)
FNDA:0,(anonymous_18)
FNDA:1,(anonymous_19)
FNDA:0,(anonymous_20)
FNDA:0,(anonymous_21)
FNDA:0,(anonymous_22)
FNDA:0,(anonymous_23)
FNDA:1,(anonymous_24)
FNDA:0,(anonymous_25)
FNDA:0,(anonymous_26)
FNDA:0,(anonymous_27)
FNDA:1,(anonymous_28)
FNDA:0,(anonymous_29)
FNDA:0,(anonymous_30)
FNDA:12,Row
DA:52,24
DA:53,24
DA:55,24
DA:56,24
DA:57,24
DA:58,24
DA:60,24
DA:62,24
DA:64,24
DA:65,15
DA:68,24
DA:69,15
DA:70,10
DA:79,24
DA:82,5
DA:83,5
DA:85,3
DA:86,3
DA:87,3
DA:88,3
DA:92,2
DA:93,2
DA:94,0
DA:95,0
DA:97,2
DA:98,1
DA:99,1
DA:102,1
DA:106,1
DA:107,1
DA:109,2
DA:110,2
DA:111,2
DA:114,24
DA:115,24
DA:116,24
DA:118,24
DA:121,5
DA:122,5
DA:123,5
DA:125,5
DA:126,5
DA:127,5
DA:129,5
DA:132,24
DA:149,54
DA:151,54
DA:163,1
DA:241,1
DA:256,0
DA:274,1
DA:286,1
DA:295,0
DA:305,0
DA:326,1
DA:338,0
DA:347,0
DA:357,0
DA:386,0
DA:397,1
DA:410,0
DA:423,0
DA:435,0
DA:448,1
DA:462,0
DA:485,0
DA:499,12
LF:67
LH:53
BRDA:69,0,0,5
BRDA:69,0,1,10
BRDA:79,1,0,24
BRDA:79,1,1,19
BRDA:79,1,2,18
BRDA:83,2,0,2
BRDA:83,2,1,3
BRDA:85,3,0,0
BRDA:85,3,1,3
BRDA:93,4,0,0
BRDA:93,4,1,2
BRDA:97,5,0,1
BRDA:97,5,1,1
BRDA:107,6,0,1
BRDA:107,6,1,0
BRDA:129,7,0,5
BRDA:129,7,1,3
BRDA:129,7,2,3
BRDA:144,8,0,24
BRDA:144,8,1,1
BRDA:145,9,0,24
BRDA:145,9,1,1
BRDA:154,10,0,19
BRDA:154,10,1,35
BRDA:157,11,0,19
BRDA:157,11,1,35
BRDA:158,12,0,19
BRDA:158,12,1,35
BRDA:218,13,0,54
BRDA:218,13,1,15
BRDA:219,14,0,54
BRDA:219,14,1,15
BRDA:222,15,0,54
BRDA:222,15,1,19
BRDA:240,16,0,54
BRDA:240,16,1,19
BRDA:240,16,2,18
BRDA:276,17,0,24
BRDA:276,17,1,22
BRDA:285,18,0,24
BRDA:285,18,1,24
BRDA:297,19,0,24
BRDA:297,19,1,24
BRDA:307,20,0,24
BRDA:307,20,1,24
BRDA:329,21,0,24
BRDA:329,21,1,22
BRDA:336,22,0,24
BRDA:336,22,1,0
BRDA:349,23,0,24
BRDA:349,23,1,24
BRDA:359,24,0,24
BRDA:359,24,1,24
BRDA:374,25,0,24
BRDA:374,25,1,0
BRDA:375,26,0,0
BRDA:375,26,1,24
BRDA:375,27,0,0
BRDA:375,27,1,24
BRDA:376,28,0,24
BRDA:376,28,1,0
BRDA:388,29,0,24
BRDA:388,29,1,24
BRDA:401,30,0,24
BRDA:401,30,1,22
BRDA:413,31,0,0
BRDA:413,31,1,24
BRDA:426,32,0,24
BRDA:426,32,1,24
BRDA:438,33,0,24
BRDA:438,33,1,24
BRDA:443,34,0,24
BRDA:443,34,1,0
BRDA:453,35,0,24
BRDA:453,35,1,19
BRDA:453,35,2,19
BRDA:465,36,0,21
BRDA:465,36,1,3
BRF:78
BRH:68
end_of_record
TN:
SF:src\pages\StatusPage.tsx
FN:31,StatusPage
FN:35,(anonymous_1)
FN:41,(anonymous_2)
FN:44,(anonymous_3)
FN:49,(anonymous_4)
FN:63,(anonymous_5)
FN:70,(anonymous_6)
FN:104,backToProduct
FN:110,copyTx
FN:342,(anonymous_9)
FN:358,Row
FN:369,SectionTitle
FNF:12
FNH:12
FNDA:17,StatusPage
FNDA:17,(anonymous_1)
FNDA:12,(anonymous_2)
FNDA:12,(anonymous_3)
FNDA:41,(anonymous_4)
FNDA:15,(anonymous_5)
FNDA:15,(anonymous_6)
FNDA:1,backToProduct
FNDA:2,copyTx
FNDA:1,(anonymous_9)
FNDA:12,Row
FNDA:9,SectionTitle
DA:32,17
DA:33,17
DA:35,17
DA:37,17
DA:38,17
DA:41,17
DA:42,12
DA:44,11
DA:45,12
DA:46,12
DA:49,11
DA:50,41
DA:51,41
DA:53,41
DA:56,11
DA:57,11
DA:59,11
DA:63,17
DA:64,15
DA:65,7
DA:66,7
DA:70,17
DA:71,15
DA:73,6
DA:80,0
DA:87,1
DA:95,8
DA:105,1
DA:106,1
DA:107,1
DA:111,2
DA:112,2
DA:113,2
DA:119,17
DA:121,17
DA:342,1
DA:359,12
DA:370,9
LF:38
LH:37
BRDA:42,0,0,1
BRDA:42,0,1,11
BRDA:45,1,0,4
BRDA:45,1,1,8
BRDA:53,2,0,1
BRDA:53,2,1,40
BRDA:64,3,0,7
BRDA:64,3,1,8
BRDA:64,4,0,15
BRDA:64,4,1,14
BRDA:64,4,2,7
BRDA:71,5,0,6
BRDA:71,5,1,0
BRDA:71,5,2,1
BRDA:71,5,3,7
BRDA:71,5,4,8
BRDA:111,6,0,0
BRDA:111,6,1,2
BRDA:119,7,0,17
BRDA:119,7,1,16
BRDA:134,8,0,17
BRDA:134,8,1,1
BRDA:140,9,0,17
BRDA:140,9,1,16
BRDA:148,10,0,16
BRDA:148,10,1,8
BRDA:148,10,2,9
BRDA:161,11,0,7
BRDA:161,11,1,9
BRDA:163,12,0,0
BRDA:163,12,1,9
BRDA:165,13,0,1
BRDA:165,13,1,8
BRDA:169,14,0,7
BRDA:169,14,1,9
BRDA:171,15,0,0
BRDA:171,15,1,9
BRDA:173,16,0,1
BRDA:173,16,1,8
BRDA:186,17,0,16
BRDA:186,17,1,0
BRDA:229,18,0,16
BRDA:229,18,1,1
BRDA:233,19,0,16
BRDA:233,19,1,3
BRDA:282,20,0,1
BRDA:282,20,1,2
BRDA:290,21,0,1
BRDA:290,21,1,2
BRDA:295,22,0,3
BRDA:295,22,1,1
BRDA:295,22,2,2
BRDA:301,23,0,1
BRDA:301,23,1,1
BRDA:302,24,0,2
BRDA:302,24,1,1
BRDA:308,25,0,3
BRDA:308,25,1,2
BRDA:314,26,0,1
BRDA:314,26,1,1
BRDA:338,27,0,16
BRDA:338,27,1,8
BRDA:342,28,0,1
BRDA:342,28,1,1
BRF:64
BRH:59
end_of_record
TN:
SF:src\services\http.ts
FN:3,http
FN:10,(anonymous_1)
FNF:2
FNH:0
FNDA:0,http
FNDA:0,(anonymous_1)
DA:1,0
DA:4,0
DA:9,0
DA:10,0
DA:11,0
DA:13,0
LF:6
LH:0
BRDA:5,0,0,0
BRDA:5,0,1,0
BRDA:9,1,0,0
BRDA:9,1,1,0
BRDA:11,2,0,0
BRDA:11,2,1,0
BRF:6
BRH:0
end_of_record
TN:
SF:src\services\storage.ts
FN:9,loadState
FN:18,saveState
FNF:2
FNH:0
FNDA:0,loadState
FNDA:0,saveState
DA:2,0
DA:10,0
DA:11,0
DA:12,0
DA:14,0
DA:19,0
DA:20,0
LF:7
LH:0
BRDA:12,0,0,0
BRDA:12,0,1,0
BRF:2
BRH:0
end_of_record
