{"C:\\Users\\popay\\Desktop\\fullstack-test\\backend\\src\\app.module.ts": {"path":"C:\\Users\\popay\\Desktop\\fullstack-test\\backend\\src\\app.module.ts","statementMap":{"0":{"start":{"line":1,"column":0},"end":{"line":1,"column":40}},"1":{"start":{"line":2,"column":0},"end":{"line":2,"column":75}},"2":{"start":{"line":3,"column":0},"end":{"line":3,"column":69}},"3":{"start":{"line":4,"column":0},"end":{"line":4,"column":65}},"4":{"start":{"line":5,"column":0},"end":{"line":5,"column":85}},"5":{"start":{"line":6,"column":0},"end":{"line":6,"column":69}},"6":{"start":{"line":7,"column":0},"end":{"line":7,"column":75}},"7":{"start":{"line":8,"column":0},"end":{"line":8,"column":83}},"8":{"start":{"line":9,"column":0},"end":{"line":9,"column":65}},"9":{"start":{"line":10,"column":0},"end":{"line":10,"column":93}},"10":{"start":{"line":22,"column":7},"end":{"line":22,"column":null}},"11":{"start":{"line":22,"column":13},"end":{"line":22,"column":22}},"12":{"start":{"line":22,"column":13},"end":{"line":22,"column":null}}},"fnMap":{},"branchMap":{},"s":{"0":1,"1":1,"2":1,"3":1,"4":1,"5":1,"6":1,"7":1,"8":1,"9":1,"10":1,"11":1,"12":1},"f":{},"b":{}}
,"C:\\Users\\popay\\Desktop\\fullstack-test\\backend\\src\\application\\checkout.service.ts": {"path":"C:\\Users\\popay\\Desktop\\fullstack-test\\backend\\src\\application\\checkout.service.ts","statementMap":{"0":{"start":{"line":1,"column":0},"end":{"line":1,"column":44}},"1":{"start":{"line":2,"column":0},"end":{"line":2,"column":36}},"2":{"start":{"line":3,"column":0},"end":{"line":3,"column":36}},"3":{"start":{"line":4,"column":0},"end":{"line":4,"column":66}},"4":{"start":{"line":5,"column":0},"end":{"line":5,"column":86}},"5":{"start":{"line":6,"column":0},"end":{"line":6,"column":94}},"6":{"start":{"line":7,"column":0},"end":{"line":7,"column":70}},"7":{"start":{"line":10,"column":0},"end":{"line":10,"column":85}},"8":{"start":{"line":14,"column":7},"end":{"line":177,"column":null}},"9":{"start":{"line":16,"column":21},"end":{"line":16,"column":41}},"10":{"start":{"line":17,"column":21},"end":{"line":17,"column":45}},"11":{"start":{"line":18,"column":21},"end":{"line":18,"column":29}},"12":{"start":{"line":22,"column":20},"end":{"line":22,"column":68}},"13":{"start":{"line":23,"column":4},"end":{"line":23,"column":63}},"14":{"start":{"line":23,"column":18},"end":{"line":23,"column":63}},"15":{"start":{"line":24,"column":4},"end":{"line":24,"column":76}},"16":{"start":{"line":24,"column":25},"end":{"line":24,"column":76}},"17":{"start":{"line":25,"column":4},"end":{"line":25,"column":84}},"18":{"start":{"line":25,"column":38},"end":{"line":25,"column":84}},"19":{"start":{"line":27,"column":19},"end":{"line":27,"column":56}},"20":{"start":{"line":28,"column":20},"end":{"line":28,"column":41}},"21":{"start":{"line":29,"column":24},"end":{"line":29,"column":49}},"22":{"start":{"line":30,"column":18},"end":{"line":30,"column":48}},"23":{"start":{"line":32,"column":16},"end":{"line":32,"column":40}},"24":{"start":{"line":33,"column":17},"end":{"line":33,"column":29}},"25":{"start":{"line":35,"column":28},"end":{"line":51,"column":6}},"26":{"start":{"line":53,"column":4},"end":{"line":53,"column":49}},"27":{"start":{"line":55,"column":4},"end":{"line":65,"column":6}},"28":{"start":{"line":69,"column":15},"end":{"line":69,"column":62}},"29":{"start":{"line":70,"column":4},"end":{"line":70,"column":62}},"30":{"start":{"line":70,"column":13},"end":{"line":70,"column":62}},"31":{"start":{"line":71,"column":4},"end":{"line":73,"column":5}},"32":{"start":{"line":72,"column":6},"end":{"line":72,"column":77}},"33":{"start":{"line":75,"column":19},"end":{"line":75,"column":58}},"34":{"start":{"line":78,"column":22},"end":{"line":84,"column":6}},"35":{"start":{"line":87,"column":22},"end":{"line":87,"column":37}},"36":{"start":{"line":88,"column":22},"end":{"line":93,"column":6}},"37":{"start":{"line":96,"column":21},"end":{"line":106,"column":6}},"38":{"start":{"line":108,"column":4},"end":{"line":118,"column":5}},"39":{"start":{"line":109,"column":6},"end":{"line":109,"column":87}},"40":{"start":{"line":110,"column":6},"end":{"line":110,"column":94}},"41":{"start":{"line":112,"column":6},"end":{"line":117,"column":8}},"42":{"start":{"line":122,"column":15},"end":{"line":122,"column":58}},"43":{"start":{"line":123,"column":4},"end":{"line":123,"column":62}},"44":{"start":{"line":123,"column":13},"end":{"line":123,"column":62}},"45":{"start":{"line":126,"column":4},"end":{"line":128,"column":5}},"46":{"start":{"line":127,"column":6},"end":{"line":127,"column":16}},"47":{"start":{"line":131,"column":23},"end":{"line":131,"column":44}},"48":{"start":{"line":132,"column":4},"end":{"line":132,"column":31}},"49":{"start":{"line":132,"column":21},"end":{"line":132,"column":31}},"50":{"start":{"line":135,"column":19},"end":{"line":135,"column":63}},"51":{"start":{"line":137,"column":4},"end":{"line":137,"column":47}},"52":{"start":{"line":137,"column":37},"end":{"line":137,"column":47}},"53":{"start":{"line":140,"column":6},"end":{"line":144,"column":17}},"54":{"start":{"line":147,"column":4},"end":{"line":151,"column":6}},"55":{"start":{"line":154,"column":4},"end":{"line":154,"column":65}},"56":{"start":{"line":156,"column":4},"end":{"line":172,"column":5}},"57":{"start":{"line":157,"column":26},"end":{"line":157,"column":91}},"58":{"start":{"line":159,"column":6},"end":{"line":171,"column":7}},"59":{"start":{"line":160,"column":8},"end":{"line":170,"column":9}},"60":{"start":{"line":161,"column":10},"end":{"line":161,"column":82}},"61":{"start":{"line":164,"column":10},"end":{"line":168,"column":12}},"62":{"start":{"line":169,"column":10},"end":{"line":169,"column":72}},"63":{"start":{"line":175,"column":4},"end":{"line":175,"column":55}},"64":{"start":{"line":14,"column":13},"end":{"line":14,"column":28}},"65":{"start":{"line":14,"column":13},"end":{"line":177,"column":null}}},"fnMap":{"0":{"name":"(anonymous_2)","decl":{"start":{"line":15,"column":2},"end":{"line":15,"column":null}},"loc":{"start":{"line":18,"column":41},"end":{"line":19,"column":6}}},"1":{"name":"(anonymous_3)","decl":{"start":{"line":21,"column":2},"end":{"line":21,"column":7}},"loc":{"start":{"line":21,"column":33},"end":{"line":66,"column":3}}},"2":{"name":"(anonymous_4)","decl":{"start":{"line":68,"column":2},"end":{"line":68,"column":7}},"loc":{"start":{"line":68,"column":23},"end":{"line":119,"column":3}}},"3":{"name":"(anonymous_5)","decl":{"start":{"line":121,"column":2},"end":{"line":121,"column":7}},"loc":{"start":{"line":121,"column":45},"end":{"line":176,"column":3}}}},"branchMap":{"0":{"loc":{"start":{"line":23,"column":4},"end":{"line":23,"column":63}},"type":"if","locations":[{"start":{"line":23,"column":4},"end":{"line":23,"column":63}},{"start":{},"end":{}}]},"1":{"loc":{"start":{"line":24,"column":4},"end":{"line":24,"column":76}},"type":"if","locations":[{"start":{"line":24,"column":4},"end":{"line":24,"column":76}},{"start":{},"end":{}}]},"2":{"loc":{"start":{"line":25,"column":4},"end":{"line":25,"column":84}},"type":"if","locations":[{"start":{"line":25,"column":4},"end":{"line":25,"column":84}},{"start":{},"end":{}}]},"3":{"loc":{"start":{"line":47,"column":44},"end":{"line":47,"column":72}},"type":"binary-expr","locations":[{"start":{"line":47,"column":44},"end":{"line":47,"column":64}},{"start":{"line":47,"column":68},"end":{"line":47,"column":72}}]},"4":{"loc":{"start":{"line":70,"column":4},"end":{"line":70,"column":62}},"type":"if","locations":[{"start":{"line":70,"column":4},"end":{"line":70,"column":62}},{"start":{},"end":{}}]},"5":{"loc":{"start":{"line":71,"column":4},"end":{"line":73,"column":5}},"type":"if","locations":[{"start":{"line":71,"column":4},"end":{"line":73,"column":5}},{"start":{},"end":{}}]},"6":{"loc":{"start":{"line":72,"column":57},"end":{"line":72,"column":74}},"type":"binary-expr","locations":[{"start":{"line":72,"column":57},"end":{"line":72,"column":66}},{"start":{"line":72,"column":70},"end":{"line":72,"column":74}}]},"7":{"loc":{"start":{"line":105,"column":20},"end":{"line":105,"column":41}},"type":"binary-expr","locations":[{"start":{"line":105,"column":20},"end":{"line":105,"column":36}},{"start":{"line":105,"column":40},"end":{"line":105,"column":41}}]},"8":{"loc":{"start":{"line":108,"column":4},"end":{"line":118,"column":5}},"type":"if","locations":[{"start":{"line":108,"column":4},"end":{"line":118,"column":5}},{"start":{},"end":{}}]},"9":{"loc":{"start":{"line":123,"column":4},"end":{"line":123,"column":62}},"type":"if","locations":[{"start":{"line":123,"column":4},"end":{"line":123,"column":62}},{"start":{},"end":{}}]},"10":{"loc":{"start":{"line":126,"column":4},"end":{"line":128,"column":5}},"type":"if","locations":[{"start":{"line":126,"column":4},"end":{"line":128,"column":5}},{"start":{},"end":{}}]},"11":{"loc":{"start":{"line":126,"column":8},"end":{"line":126,"column":85}},"type":"binary-expr","locations":[{"start":{"line":126,"column":8},"end":{"line":126,"column":32}},{"start":{"line":126,"column":36},"end":{"line":126,"column":60}},{"start":{"line":126,"column":64},"end":{"line":126,"column":85}}]},"12":{"loc":{"start":{"line":132,"column":4},"end":{"line":132,"column":31}},"type":"if","locations":[{"start":{"line":132,"column":4},"end":{"line":132,"column":31}},{"start":{},"end":{}}]},"13":{"loc":{"start":{"line":137,"column":4},"end":{"line":137,"column":47}},"type":"if","locations":[{"start":{"line":137,"column":4},"end":{"line":137,"column":47}},{"start":{},"end":{}}]},"14":{"loc":{"start":{"line":140,"column":6},"end":{"line":144,"column":17}},"type":"cond-expr","locations":[{"start":{"line":141,"column":10},"end":{"line":141,"column":20}},{"start":{"line":142,"column":10},"end":{"line":144,"column":17}}]},"15":{"loc":{"start":{"line":142,"column":10},"end":{"line":144,"column":17}},"type":"cond-expr","locations":[{"start":{"line":143,"column":10},"end":{"line":143,"column":20}},{"start":{"line":144,"column":10},"end":{"line":144,"column":17}}]},"16":{"loc":{"start":{"line":150,"column":6},"end":{"line":150,"column":60}},"type":"cond-expr","locations":[{"start":{"line":150,"column":27},"end":{"line":150,"column":48}},{"start":{"line":150,"column":51},"end":{"line":150,"column":60}}]},"17":{"loc":{"start":{"line":156,"column":4},"end":{"line":172,"column":5}},"type":"if","locations":[{"start":{"line":156,"column":4},"end":{"line":172,"column":5}},{"start":{},"end":{}}]},"18":{"loc":{"start":{"line":159,"column":6},"end":{"line":171,"column":7}},"type":"if","locations":[{"start":{"line":159,"column":6},"end":{"line":171,"column":7}},{"start":{},"end":{}}]}},"s":{"0":2,"1":2,"2":2,"3":2,"4":2,"5":2,"6":2,"7":2,"8":2,"9":20,"10":20,"11":20,"12":4,"13":4,"14":1,"15":3,"16":1,"17":2,"18":1,"19":1,"20":1,"21":1,"22":1,"23":1,"24":1,"25":1,"26":1,"27":1,"28":4,"29":4,"30":1,"31":3,"32":1,"33":2,"34":2,"35":2,"36":2,"37":2,"38":2,"39":1,"40":1,"41":1,"42":9,"43":9,"44":1,"45":8,"46":1,"47":7,"48":7,"49":1,"50":6,"51":6,"52":1,"53":5,"54":5,"55":5,"56":5,"57":3,"58":3,"59":2,"60":2,"61":1,"62":1,"63":5,"64":2,"65":2},"f":{"0":20,"1":4,"2":4,"3":9},"b":{"0":[1,3],"1":[1,2],"2":[1,1],"3":[1,1],"4":[1,3],"5":[1,2],"6":[1,0],"7":[2,1],"8":[1,1],"9":[1,8],"10":[1,7],"11":[8,7,7],"12":[1,6],"13":[1,5],"14":[3,2],"15":[1,1],"16":[1,4],"17":[3,2],"18":[2,1]}}
,"C:\\Users\\popay\\Desktop\\fullstack-test\\backend\\src\\application\\products.service.ts": {"path":"C:\\Users\\popay\\Desktop\\fullstack-test\\backend\\src\\application\\products.service.ts","statementMap":{"0":{"start":{"line":1,"column":0},"end":{"line":1,"column":44}},"1":{"start":{"line":2,"column":0},"end":{"line":2,"column":86}},"2":{"start":{"line":5,"column":7},"end":{"line":11,"column":null}},"3":{"start":{"line":6,"column":31},"end":{"line":6,"column":45}},"4":{"start":{"line":9,"column":4},"end":{"line":9,"column":36}},"5":{"start":{"line":5,"column":13},"end":{"line":5,"column":28}},"6":{"start":{"line":5,"column":13},"end":{"line":11,"column":null}}},"fnMap":{"0":{"name":"(anonymous_2)","decl":{"start":{"line":6,"column":2},"end":{"line":6,"column":31}},"loc":{"start":{"line":6,"column":63},"end":{"line":6,"column":67}}},"1":{"name":"(anonymous_3)","decl":{"start":{"line":8,"column":2},"end":{"line":8,"column":6}},"loc":{"start":{"line":8,"column":6},"end":{"line":10,"column":3}}}},"branchMap":{},"s":{"0":2,"1":2,"2":2,"3":6,"4":2,"5":2,"6":2},"f":{"0":6,"1":2},"b":{}}
,"C:\\Users\\popay\\Desktop\\fullstack-test\\backend\\src\\application\\transactions.service.ts": {"path":"C:\\Users\\popay\\Desktop\\fullstack-test\\backend\\src\\application\\transactions.service.ts","statementMap":{"0":{"start":{"line":1,"column":0},"end":{"line":1,"column":44}},"1":{"start":{"line":2,"column":0},"end":{"line":2,"column":49}},"2":{"start":{"line":3,"column":0},"end":{"line":3,"column":94}},"3":{"start":{"line":6,"column":7},"end":{"line":14,"column":null}},"4":{"start":{"line":7,"column":31},"end":{"line":7,"column":37}},"5":{"start":{"line":10,"column":15},"end":{"line":10,"column":40}},"6":{"start":{"line":11,"column":4},"end":{"line":11,"column":62}},"7":{"start":{"line":11,"column":13},"end":{"line":11,"column":62}},"8":{"start":{"line":12,"column":4},"end":{"line":12,"column":14}},"9":{"start":{"line":6,"column":13},"end":{"line":6,"column":32}},"10":{"start":{"line":6,"column":13},"end":{"line":14,"column":null}}},"fnMap":{"0":{"name":"(anonymous_2)","decl":{"start":{"line":7,"column":2},"end":{"line":7,"column":31}},"loc":{"start":{"line":7,"column":59},"end":{"line":7,"column":63}}},"1":{"name":"(anonymous_3)","decl":{"start":{"line":9,"column":2},"end":{"line":9,"column":7}},"loc":{"start":{"line":9,"column":24},"end":{"line":13,"column":3}}}},"branchMap":{"0":{"loc":{"start":{"line":11,"column":4},"end":{"line":11,"column":62}},"type":"if","locations":[{"start":{"line":11,"column":4},"end":{"line":11,"column":62}},{"start":{},"end":{}}]}},"s":{"0":1,"1":1,"2":1,"3":1,"4":4,"5":3,"6":2,"7":1,"8":1,"9":1,"10":1},"f":{"0":4,"1":3},"b":{"0":[1,1]}}
,"C:\\Users\\popay\\Desktop\\fullstack-test\\backend\\src\\common\\errors.ts": {"path":"C:\\Users\\popay\\Desktop\\fullstack-test\\backend\\src\\common\\errors.ts","statementMap":{"0":{"start":{"line":1,"column":0},"end":{"line":1,"column":13}},"1":{"start":{"line":2,"column":0},"end":{"line":2,"column":13}},"2":{"start":{"line":3,"column":0},"end":{"line":3,"column":13}}},"fnMap":{},"branchMap":{},"s":{"0":3,"1":3,"2":3},"f":{},"b":{}}
,"C:\\Users\\popay\\Desktop\\fullstack-test\\backend\\src\\config\\env.ts": {"path":"C:\\Users\\popay\\Desktop\\fullstack-test\\backend\\src\\config\\env.ts","statementMap":{"0":{"start":{"line":1,"column":13},"end":{"line":19,"column":2}}},"fnMap":{},"branchMap":{"0":{"loc":{"start":{"line":2,"column":8},"end":{"line":2,"column":58}},"type":"cond-expr","locations":[{"start":{"line":2,"column":27},"end":{"line":2,"column":51}},{"start":{"line":2,"column":54},"end":{"line":2,"column":58}}]},"1":{"loc":{"start":{"line":4,"column":10},"end":{"line":4,"column":43}},"type":"binary-expr","locations":[{"start":{"line":4,"column":10},"end":{"line":4,"column":28}},{"start":{"line":4,"column":32},"end":{"line":4,"column":43}}]},"2":{"loc":{"start":{"line":8,"column":18},"end":{"line":8,"column":75}},"type":"binary-expr","locations":[{"start":{"line":8,"column":18},"end":{"line":8,"column":44}},{"start":{"line":8,"column":48},"end":{"line":8,"column":75}}]},"3":{"loc":{"start":{"line":9,"column":22},"end":{"line":9,"column":87}},"type":"binary-expr","locations":[{"start":{"line":9,"column":22},"end":{"line":9,"column":52}},{"start":{"line":9,"column":56},"end":{"line":9,"column":87}}]},"4":{"loc":{"start":{"line":11,"column":28},"end":{"line":11,"column":65}},"type":"binary-expr","locations":[{"start":{"line":11,"column":28},"end":{"line":11,"column":57}},{"start":{"line":11,"column":61},"end":{"line":11,"column":65}}]},"5":{"loc":{"start":{"line":12,"column":32},"end":{"line":12,"column":73}},"type":"binary-expr","locations":[{"start":{"line":12,"column":32},"end":{"line":12,"column":65}},{"start":{"line":12,"column":69},"end":{"line":12,"column":73}}]},"6":{"loc":{"start":{"line":13,"column":12},"end":{"line":13,"column":41}},"type":"binary-expr","locations":[{"start":{"line":13,"column":12},"end":{"line":13,"column":32}},{"start":{"line":13,"column":36},"end":{"line":13,"column":41}}]},"7":{"loc":{"start":{"line":15,"column":19},"end":{"line":15,"column":52}},"type":"binary-expr","locations":[{"start":{"line":15,"column":19},"end":{"line":15,"column":46}},{"start":{"line":15,"column":50},"end":{"line":15,"column":52}}]},"8":{"loc":{"start":{"line":16,"column":21},"end":{"line":16,"column":56}},"type":"binary-expr","locations":[{"start":{"line":16,"column":21},"end":{"line":16,"column":50}},{"start":{"line":16,"column":54},"end":{"line":16,"column":56}}]},"9":{"loc":{"start":{"line":17,"column":22},"end":{"line":17,"column":58}},"type":"binary-expr","locations":[{"start":{"line":17,"column":22},"end":{"line":17,"column":52}},{"start":{"line":17,"column":56},"end":{"line":17,"column":58}}]},"10":{"loc":{"start":{"line":18,"column":27},"end":{"line":18,"column":68}},"type":"binary-expr","locations":[{"start":{"line":18,"column":27},"end":{"line":18,"column":62}},{"start":{"line":18,"column":66},"end":{"line":18,"column":68}}]}},"s":{"0":4},"f":{},"b":{"0":[0,4],"1":[4,4],"2":[4,4],"3":[4,4],"4":[4,4],"5":[4,4],"6":[4,4],"7":[4,4],"8":[4,4],"9":[4,4],"10":[4,4]}}
,"C:\\Users\\popay\\Desktop\\fullstack-test\\backend\\src\\domain\\dto\\checkout.dto.ts": {"path":"C:\\Users\\popay\\Desktop\\fullstack-test\\backend\\src\\domain\\dto\\checkout.dto.ts","statementMap":{"0":{"start":{"line":1,"column":0},"end":{"line":1,"column":46}},"1":{"start":{"line":2,"column":0},"end":{"line":2,"column":null}},"2":{"start":{"line":11,"column":0},"end":{"line":11,"column":41}},"3":{"start":{"line":17,"column":2},"end":{"line":17,"column":null}},"4":{"start":{"line":21,"column":2},"end":{"line":21,"column":null}},"5":{"start":{"line":26,"column":2},"end":{"line":26,"column":null}},"6":{"start":{"line":31,"column":2},"end":{"line":31,"column":null}},"7":{"start":{"line":36,"column":2},"end":{"line":36,"column":null}},"8":{"start":{"line":43,"column":2},"end":{"line":43,"column":null}},"9":{"start":{"line":48,"column":2},"end":{"line":48,"column":null}},"10":{"start":{"line":53,"column":2},"end":{"line":53,"column":null}},"11":{"start":{"line":58,"column":2},"end":{"line":58,"column":null}},"12":{"start":{"line":63,"column":2},"end":{"line":63,"column":null}},"13":{"start":{"line":68,"column":2},"end":{"line":68,"column":null}},"14":{"start":{"line":71,"column":0},"end":{"line":71,"column":13}},"15":{"start":{"line":75,"column":2},"end":{"line":75,"column":null}},"16":{"start":{"line":80,"column":2},"end":{"line":80,"column":null}},"17":{"start":{"line":94,"column":2},"end":{"line":94,"column":null}},"18":{"start":{"line":93,"column":14},"end":{"line":93,"column":25}},"19":{"start":{"line":109,"column":2},"end":{"line":109,"column":null}},"20":{"start":{"line":108,"column":14},"end":{"line":108,"column":25}},"21":{"start":{"line":112,"column":0},"end":{"line":112,"column":13}},"22":{"start":{"line":116,"column":2},"end":{"line":116,"column":null}},"23":{"start":{"line":121,"column":2},"end":{"line":121,"column":null}},"24":{"start":{"line":126,"column":2},"end":{"line":126,"column":null}},"25":{"start":{"line":131,"column":2},"end":{"line":131,"column":null}},"26":{"start":{"line":136,"column":2},"end":{"line":136,"column":null}},"27":{"start":{"line":141,"column":2},"end":{"line":141,"column":null}},"28":{"start":{"line":147,"column":2},"end":{"line":147,"column":null}}},"fnMap":{"0":{"name":"(anonymous_2)","decl":{"start":{"line":93,"column":8},"end":{"line":93,"column":11}},"loc":{"start":{"line":93,"column":14},"end":{"line":93,"column":25}}},"1":{"name":"(anonymous_3)","decl":{"start":{"line":108,"column":8},"end":{"line":108,"column":11}},"loc":{"start":{"line":108,"column":14},"end":{"line":108,"column":25}}}},"branchMap":{},"s":{"0":2,"1":2,"2":2,"3":2,"4":2,"5":2,"6":2,"7":2,"8":2,"9":2,"10":2,"11":2,"12":2,"13":2,"14":2,"15":2,"16":2,"17":2,"18":5,"19":2,"20":5,"21":2,"22":2,"23":2,"24":2,"25":2,"26":2,"27":2,"28":2},"f":{"0":5,"1":5},"b":{}}
,"C:\\Users\\popay\\Desktop\\fullstack-test\\backend\\src\\infrastructure\\apipay\\apipay.client.ts": {"path":"C:\\Users\\popay\\Desktop\\fullstack-test\\backend\\src\\infrastructure\\apipay\\apipay.client.ts","statementMap":{"0":{"start":{"line":2,"column":0},"end":{"line":2,"column":26}},"1":{"start":{"line":3,"column":0},"end":{"line":3,"column":39}},"2":{"start":{"line":7,"column":26},"end":{"line":10,"column":4}},"3":{"start":{"line":18,"column":16},"end":{"line":19,"column":null}},"4":{"start":{"line":22,"column":4},"end":{"line":30,"column":6}},"5":{"start":{"line":41,"column":16},"end":{"line":44,"column":null}},"6":{"start":{"line":46,"column":4},"end":{"line":46,"column":28}},"7":{"start":{"line":62,"column":20},"end":{"line":76,"column":6}},"8":{"start":{"line":79,"column":4},"end":{"line":86,"column":5}},"9":{"start":{"line":80,"column":18},"end":{"line":82,"column":8}},"10":{"start":{"line":83,"column":6},"end":{"line":83,"column":27}},"11":{"start":{"line":85,"column":6},"end":{"line":85,"column":65}},"12":{"start":{"line":90,"column":16},"end":{"line":92,"column":6}},"13":{"start":{"line":93,"column":4},"end":{"line":93,"column":25}},"14":{"start":{"line":6,"column":0},"end":{"line":6,"column":13}}},"fnMap":{"0":{"name":"(anonymous_1)","decl":{"start":{"line":12,"column":2},"end":{"line":12,"column":7}},"loc":{"start":{"line":12,"column":27},"end":{"line":31,"column":3}}},"1":{"name":"(anonymous_2)","decl":{"start":{"line":33,"column":2},"end":{"line":33,"column":7}},"loc":{"start":{"line":39,"column":3},"end":{"line":47,"column":3}}},"2":{"name":"(anonymous_3)","decl":{"start":{"line":49,"column":2},"end":{"line":49,"column":7}},"loc":{"start":{"line":60,"column":3},"end":{"line":87,"column":3}}},"3":{"name":"(anonymous_4)","decl":{"start":{"line":89,"column":2},"end":{"line":89,"column":7}},"loc":{"start":{"line":89,"column":41},"end":{"line":94,"column":3}}}},"branchMap":{"0":{"loc":{"start":{"line":73,"column":22},"end":{"line":73,"column":45}},"type":"binary-expr","locations":[{"start":{"line":73,"column":22},"end":{"line":73,"column":40}},{"start":{"line":73,"column":44},"end":{"line":73,"column":45}}]}},"s":{"0":3,"1":3,"2":8,"3":1,"4":1,"5":1,"6":1,"7":3,"8":3,"9":3,"10":2,"11":1,"12":1,"13":1,"14":3},"f":{"0":1,"1":1,"2":3,"3":1},"b":{"0":[3,2]}}
,"C:\\Users\\popay\\Desktop\\fullstack-test\\backend\\src\\infrastructure\\apipay\\apipay.integrity.ts": {"path":"C:\\Users\\popay\\Desktop\\fullstack-test\\backend\\src\\infrastructure\\apipay\\apipay.integrity.ts","statementMap":{"0":{"start":{"line":3,"column":0},"end":{"line":3,"column":16}},"1":{"start":{"line":1,"column":0},"end":{"line":1,"column":36}},"2":{"start":{"line":11,"column":4},"end":{"line":15,"column":26}},"3":{"start":{"line":17,"column":2},"end":{"line":17,"column":65}}},"fnMap":{"0":{"name":"ApiPayIntegritySignature","decl":{"start":{"line":3,"column":16},"end":{"line":3,"column":40}},"loc":{"start":{"line":9,"column":1},"end":{"line":18,"column":1}}}},"branchMap":{"0":{"loc":{"start":{"line":14,"column":5},"end":{"line":14,"column":32}},"type":"binary-expr","locations":[{"start":{"line":14,"column":5},"end":{"line":14,"column":26}},{"start":{"line":14,"column":30},"end":{"line":14,"column":32}}]}},"s":{"0":2,"1":2,"2":2,"3":2},"f":{"0":2},"b":{"0":[2,2]}}
,"C:\\Users\\popay\\Desktop\\fullstack-test\\backend\\src\\infrastructure\\apipay\\apipay.module.ts": {"path":"C:\\Users\\popay\\Desktop\\fullstack-test\\backend\\src\\infrastructure\\apipay\\apipay.module.ts","statementMap":{"0":{"start":{"line":1,"column":0},"end":{"line":1,"column":40}},"1":{"start":{"line":2,"column":0},"end":{"line":2,"column":47}},"2":{"start":{"line":13,"column":7},"end":{"line":13,"column":null}},"3":{"start":{"line":13,"column":13},"end":{"line":13,"column":25}},"4":{"start":{"line":13,"column":13},"end":{"line":13,"column":null}}},"fnMap":{},"branchMap":{},"s":{"0":1,"1":1,"2":1,"3":1,"4":1},"f":{},"b":{}}
,"C:\\Users\\popay\\Desktop\\fullstack-test\\backend\\src\\infrastructure\\dynamo\\dynamo.client.ts": {"path":"C:\\Users\\popay\\Desktop\\fullstack-test\\backend\\src\\infrastructure\\dynamo\\dynamo.client.ts","statementMap":{"0":{"start":{"line":1,"column":0},"end":{"line":1,"column":44}},"1":{"start":{"line":2,"column":0},"end":{"line":2,"column":58}},"2":{"start":{"line":3,"column":0},"end":{"line":3,"column":63}},"3":{"start":{"line":4,"column":0},"end":{"line":4,"column":39}},"4":{"start":{"line":7,"column":7},"end":{"line":20,"column":null}},"5":{"start":{"line":11,"column":19},"end":{"line":15,"column":6}},"6":{"start":{"line":16,"column":4},"end":{"line":18,"column":7}},"7":{"start":{"line":7,"column":13},"end":{"line":7,"column":26}},"8":{"start":{"line":7,"column":13},"end":{"line":20,"column":null}}},"fnMap":{"0":{"name":"(anonymous_2)","decl":{"start":{"line":10,"column":2},"end":{"line":10,"column":null}},"loc":{"start":{"line":10,"column":2},"end":{"line":19,"column":3}}}},"branchMap":{"0":{"loc":{"start":{"line":13,"column":16},"end":{"line":13,"column":64}},"type":"cond-expr","locations":[{"start":{"line":13,"column":33},"end":{"line":13,"column":52}},{"start":{"line":13,"column":55},"end":{"line":13,"column":64}}]},"1":{"loc":{"start":{"line":14,"column":19},"end":{"line":14,"column":98}},"type":"cond-expr","locations":[{"start":{"line":14,"column":36},"end":{"line":14,"column":86}},{"start":{"line":14,"column":89},"end":{"line":14,"column":98}}]}},"s":{"0":6,"1":6,"2":6,"3":6,"4":6,"5":3,"6":3,"7":6,"8":6},"f":{"0":3},"b":{"0":[0,3],"1":[0,3]}}
,"C:\\Users\\popay\\Desktop\\fullstack-test\\backend\\src\\infrastructure\\dynamo\\dynamo.module.ts": {"path":"C:\\Users\\popay\\Desktop\\fullstack-test\\backend\\src\\infrastructure\\dynamo\\dynamo.module.ts","statementMap":{"0":{"start":{"line":1,"column":0},"end":{"line":1,"column":40}},"1":{"start":{"line":2,"column":0},"end":{"line":2,"column":48}},"2":{"start":{"line":8,"column":7},"end":{"line":8,"column":null}},"3":{"start":{"line":8,"column":13},"end":{"line":8,"column":25}},"4":{"start":{"line":8,"column":13},"end":{"line":8,"column":null}}},"fnMap":{},"branchMap":{},"s":{"0":1,"1":1,"2":1,"3":1,"4":1},"f":{},"b":{}}
,"C:\\Users\\popay\\Desktop\\fullstack-test\\backend\\src\\infrastructure\\repository\\products.repository.ts": {"path":"C:\\Users\\popay\\Desktop\\fullstack-test\\backend\\src\\infrastructure\\repository\\products.repository.ts","statementMap":{"0":{"start":{"line":1,"column":0},"end":{"line":1,"column":44}},"1":{"start":{"line":2,"column":0},"end":{"line":2,"column":79}},"2":{"start":{"line":3,"column":0},"end":{"line":3,"column":56}},"3":{"start":{"line":5,"column":0},"end":{"line":5,"column":39}},"4":{"start":{"line":8,"column":7},"end":{"line":39,"column":null}},"5":{"start":{"line":9,"column":31},"end":{"line":9,"column":39}},"6":{"start":{"line":12,"column":16},"end":{"line":13,"column":null}},"7":{"start":{"line":15,"column":4},"end":{"line":15,"column":42}},"8":{"start":{"line":19,"column":16},"end":{"line":23,"column":null}},"9":{"start":{"line":25,"column":4},"end":{"line":25,"column":41}},"10":{"start":{"line":29,"column":4},"end":{"line":37,"column":6}},"11":{"start":{"line":8,"column":13},"end":{"line":8,"column":31}},"12":{"start":{"line":8,"column":13},"end":{"line":39,"column":null}}},"fnMap":{"0":{"name":"(anonymous_2)","decl":{"start":{"line":9,"column":2},"end":{"line":9,"column":31}},"loc":{"start":{"line":9,"column":52},"end":{"line":9,"column":56}}},"1":{"name":"(anonymous_3)","decl":{"start":{"line":11,"column":2},"end":{"line":11,"column":7}},"loc":{"start":{"line":11,"column":12},"end":{"line":16,"column":3}}},"2":{"name":"(anonymous_4)","decl":{"start":{"line":18,"column":2},"end":{"line":18,"column":7}},"loc":{"start":{"line":18,"column":29},"end":{"line":26,"column":3}}},"3":{"name":"(anonymous_5)","decl":{"start":{"line":28,"column":2},"end":{"line":28,"column":7}},"loc":{"start":{"line":28,"column":58},"end":{"line":38,"column":3}}}},"branchMap":{"0":{"loc":{"start":{"line":15,"column":12},"end":{"line":15,"column":27}},"type":"binary-expr","locations":[{"start":{"line":15,"column":12},"end":{"line":15,"column":21}},{"start":{"line":15,"column":25},"end":{"line":15,"column":27}}]},"1":{"loc":{"start":{"line":25,"column":12},"end":{"line":25,"column":40}},"type":"binary-expr","locations":[{"start":{"line":25,"column":12},"end":{"line":25,"column":32}},{"start":{"line":25,"column":36},"end":{"line":25,"column":40}}]}},"s":{"0":4,"1":4,"2":4,"3":4,"4":4,"5":9,"6":2,"7":2,"8":2,"9":2,"10":2,"11":4,"12":4},"f":{"0":9,"1":2,"2":2,"3":2},"b":{"0":[2,1],"1":[2,1]}}
,"C:\\Users\\popay\\Desktop\\fullstack-test\\backend\\src\\infrastructure\\repository\\transactions.repository.ts": {"path":"C:\\Users\\popay\\Desktop\\fullstack-test\\backend\\src\\infrastructure\\repository\\transactions.repository.ts","statementMap":{"0":{"start":{"line":1,"column":0},"end":{"line":1,"column":44}},"1":{"start":{"line":2,"column":0},"end":{"line":2,"column":78}},"2":{"start":{"line":3,"column":0},"end":{"line":3,"column":56}},"3":{"start":{"line":4,"column":0},"end":{"line":4,"column":39}},"4":{"start":{"line":8,"column":7},"end":{"line":129,"column":null}},"5":{"start":{"line":9,"column":31},"end":{"line":9,"column":39}},"6":{"start":{"line":12,"column":4},"end":{"line":17,"column":6}},"7":{"start":{"line":21,"column":16},"end":{"line":25,"column":null}},"8":{"start":{"line":27,"column":4},"end":{"line":27,"column":45}},"9":{"start":{"line":31,"column":16},"end":{"line":31,"column":40}},"10":{"start":{"line":33,"column":4},"end":{"line":41,"column":6}},"11":{"start":{"line":49,"column":16},"end":{"line":49,"column":40}},"12":{"start":{"line":50,"column":4},"end":{"line":63,"column":6}},"13":{"start":{"line":68,"column":4},"end":{"line":82,"column":5}},"14":{"start":{"line":69,"column":6},"end":{"line":78,"column":8}},"15":{"start":{"line":79,"column":6},"end":{"line":79,"column":18}},"16":{"start":{"line":81,"column":6},"end":{"line":81,"column":19}},"17":{"start":{"line":90,"column":16},"end":{"line":90,"column":40}},"18":{"start":{"line":91,"column":4},"end":{"line":103,"column":6}},"19":{"start":{"line":112,"column":14},"end":{"line":112,"column":38}},"20":{"start":{"line":114,"column":2},"end":{"line":126,"column":6}},"21":{"start":{"line":8,"column":13},"end":{"line":8,"column":35}},"22":{"start":{"line":8,"column":13},"end":{"line":129,"column":null}}},"fnMap":{"0":{"name":"(anonymous_2)","decl":{"start":{"line":9,"column":2},"end":{"line":9,"column":31}},"loc":{"start":{"line":9,"column":52},"end":{"line":9,"column":56}}},"1":{"name":"(anonymous_3)","decl":{"start":{"line":11,"column":2},"end":{"line":11,"column":7}},"loc":{"start":{"line":11,"column":30},"end":{"line":18,"column":3}}},"2":{"name":"(anonymous_4)","decl":{"start":{"line":20,"column":2},"end":{"line":20,"column":7}},"loc":{"start":{"line":20,"column":24},"end":{"line":28,"column":3}}},"3":{"name":"(anonymous_5)","decl":{"start":{"line":30,"column":2},"end":{"line":30,"column":7}},"loc":{"start":{"line":30,"column":88},"end":{"line":42,"column":3}}},"4":{"name":"(anonymous_6)","decl":{"start":{"line":44,"column":2},"end":{"line":44,"column":7}},"loc":{"start":{"line":47,"column":23},"end":{"line":64,"column":3}}},"5":{"name":"(anonymous_7)","decl":{"start":{"line":67,"column":2},"end":{"line":67,"column":7}},"loc":{"start":{"line":67,"column":46},"end":{"line":83,"column":3}}},"6":{"name":"(anonymous_8)","decl":{"start":{"line":85,"column":2},"end":{"line":85,"column":7}},"loc":{"start":{"line":88,"column":22},"end":{"line":104,"column":3}}},"7":{"name":"(anonymous_9)","decl":{"start":{"line":106,"column":0},"end":{"line":106,"column":5}},"loc":{"start":{"line":111,"column":1},"end":{"line":127,"column":1}}}},"branchMap":{"0":{"loc":{"start":{"line":27,"column":12},"end":{"line":27,"column":44}},"type":"binary-expr","locations":[{"start":{"line":27,"column":12},"end":{"line":27,"column":36}},{"start":{"line":27,"column":40},"end":{"line":27,"column":44}}]},"1":{"loc":{"start":{"line":98,"column":16},"end":{"line":98,"column":37}},"type":"binary-expr","locations":[{"start":{"line":98,"column":16},"end":{"line":98,"column":29}},{"start":{"line":98,"column":33},"end":{"line":98,"column":37}}]},"2":{"loc":{"start":{"line":99,"column":16},"end":{"line":99,"column":33}},"type":"binary-expr","locations":[{"start":{"line":99,"column":16},"end":{"line":99,"column":25}},{"start":{"line":99,"column":29},"end":{"line":99,"column":33}}]},"3":{"loc":{"start":{"line":123,"column":12},"end":{"line":123,"column":46}},"type":"binary-expr","locations":[{"start":{"line":123,"column":12},"end":{"line":123,"column":38}},{"start":{"line":123,"column":42},"end":{"line":123,"column":46}}]},"4":{"loc":{"start":{"line":124,"column":12},"end":{"line":124,"column":42}},"type":"binary-expr","locations":[{"start":{"line":124,"column":12},"end":{"line":124,"column":34}},{"start":{"line":124,"column":38},"end":{"line":124,"column":42}}]}},"s":{"0":4,"1":4,"2":4,"3":4,"4":4,"5":14,"6":1,"7":2,"8":2,"9":1,"10":1,"11":1,"12":1,"13":2,"14":2,"15":1,"16":1,"17":2,"18":2,"19":2,"20":2,"21":4,"22":4},"f":{"0":14,"1":1,"2":2,"3":1,"4":1,"5":2,"6":2,"7":2},"b":{"0":[2,1],"1":[2,1],"2":[2,1],"3":[2,1],"4":[2,1]}}
,"C:\\Users\\popay\\Desktop\\fullstack-test\\backend\\src\\interfaces\\http\\checkout.controller.ts": {"path":"C:\\Users\\popay\\Desktop\\fullstack-test\\backend\\src\\interfaces\\http\\checkout.controller.ts","statementMap":{"0":{"start":{"line":1,"column":0},"end":{"line":1,"column":56}},"1":{"start":{"line":2,"column":0},"end":{"line":2,"column":69}},"2":{"start":{"line":3,"column":0},"end":{"line":3,"column":72}},"3":{"start":{"line":6,"column":7},"end":{"line":18,"column":null}},"4":{"start":{"line":7,"column":31},"end":{"line":7,"column":40}},"5":{"start":{"line":11,"column":4},"end":{"line":11,"column":34}},"6":{"start":{"line":16,"column":4},"end":{"line":16,"column":33}},"7":{"start":{"line":6,"column":13},"end":{"line":6,"column":31}},"8":{"start":{"line":10,"column":2},"end":{"line":12,"column":null}},"9":{"start":{"line":15,"column":2},"end":{"line":17,"column":null}},"10":{"start":{"line":6,"column":13},"end":{"line":18,"column":null}}},"fnMap":{"0":{"name":"(anonymous_4)","decl":{"start":{"line":7,"column":2},"end":{"line":7,"column":31}},"loc":{"start":{"line":7,"column":55},"end":{"line":7,"column":59}}},"1":{"name":"(anonymous_5)","decl":{"start":{"line":10,"column":2},"end":{"line":10,"column":6}},"loc":{"start":{"line":10,"column":35},"end":{"line":12,"column":3}}},"2":{"name":"(anonymous_6)","decl":{"start":{"line":15,"column":2},"end":{"line":15,"column":5}},"loc":{"start":{"line":15,"column":25},"end":{"line":17,"column":3}}}},"branchMap":{},"s":{"0":1,"1":1,"2":1,"3":1,"4":3,"5":0,"6":0,"7":1,"8":1,"9":1,"10":1},"f":{"0":3,"1":0,"2":0},"b":{}}
,"C:\\Users\\popay\\Desktop\\fullstack-test\\backend\\src\\interfaces\\http\\products.controller.ts": {"path":"C:\\Users\\popay\\Desktop\\fullstack-test\\backend\\src\\interfaces\\http\\products.controller.ts","statementMap":{"0":{"start":{"line":1,"column":0},"end":{"line":1,"column":49}},"1":{"start":{"line":2,"column":0},"end":{"line":2,"column":69}},"2":{"start":{"line":5,"column":7},"end":{"line":12,"column":null}},"3":{"start":{"line":6,"column":31},"end":{"line":6,"column":48}},"4":{"start":{"line":10,"column":4},"end":{"line":10,"column":39}},"5":{"start":{"line":5,"column":13},"end":{"line":5,"column":31}},"6":{"start":{"line":9,"column":2},"end":{"line":11,"column":null}},"7":{"start":{"line":5,"column":13},"end":{"line":12,"column":null}}},"fnMap":{"0":{"name":"(anonymous_2)","decl":{"start":{"line":6,"column":2},"end":{"line":6,"column":31}},"loc":{"start":{"line":6,"column":63},"end":{"line":6,"column":67}}},"1":{"name":"(anonymous_3)","decl":{"start":{"line":9,"column":2},"end":{"line":9,"column":6}},"loc":{"start":{"line":9,"column":6},"end":{"line":11,"column":3}}}},"branchMap":{},"s":{"0":1,"1":1,"2":1,"3":3,"4":0,"5":1,"6":1,"7":1},"f":{"0":3,"1":0},"b":{}}
,"C:\\Users\\popay\\Desktop\\fullstack-test\\backend\\src\\interfaces\\http\\transactions.controller.ts": {"path":"C:\\Users\\popay\\Desktop\\fullstack-test\\backend\\src\\interfaces\\http\\transactions.controller.ts","statementMap":{"0":{"start":{"line":1,"column":0},"end":{"line":1,"column":56}},"1":{"start":{"line":2,"column":0},"end":{"line":2,"column":69}},"2":{"start":{"line":5,"column":7},"end":{"line":12,"column":null}},"3":{"start":{"line":6,"column":31},"end":{"line":6,"column":41}},"4":{"start":{"line":10,"column":4},"end":{"line":10,"column":56}},"5":{"start":{"line":5,"column":13},"end":{"line":5,"column":35}},"6":{"start":{"line":9,"column":2},"end":{"line":11,"column":null}},"7":{"start":{"line":5,"column":13},"end":{"line":12,"column":null}}},"fnMap":{"0":{"name":"(anonymous_4)","decl":{"start":{"line":6,"column":2},"end":{"line":6,"column":31}},"loc":{"start":{"line":6,"column":56},"end":{"line":6,"column":60}}},"1":{"name":"(anonymous_5)","decl":{"start":{"line":9,"column":2},"end":{"line":9,"column":5}},"loc":{"start":{"line":9,"column":33},"end":{"line":11,"column":3}}}},"branchMap":{},"s":{"0":1,"1":1,"2":1,"3":3,"4":0,"5":1,"6":1,"7":1},"f":{"0":3,"1":0},"b":{}}
}
