TN:
SF:src\app.module.ts
FNF:0
FNH:0
DA:1,1
DA:2,1
DA:3,1
DA:4,1
DA:5,1
DA:6,1
DA:7,1
DA:8,1
DA:9,1
DA:10,1
DA:22,1
LF:11
LH:11
BRF:0
BRH:0
end_of_record
TN:
SF:src\application\checkout.service.ts
FN:15,(anonymous_2)
FN:21,(anonymous_3)
FN:68,(anonymous_4)
FN:121,(anonymous_5)
FNF:4
FNH:4
FNDA:20,(anonymous_2)
FNDA:4,(anonymous_3)
FNDA:4,(anonymous_4)
FNDA:9,(anonymous_5)
DA:1,2
DA:2,2
DA:3,2
DA:4,2
DA:5,2
DA:6,2
DA:7,2
DA:10,2
DA:14,2
DA:16,20
DA:17,20
DA:18,20
DA:22,4
DA:23,4
DA:24,3
DA:25,2
DA:27,1
DA:28,1
DA:29,1
DA:30,1
DA:32,1
DA:33,1
DA:35,1
DA:53,1
DA:55,1
DA:69,4
DA:70,4
DA:71,3
DA:72,1
DA:75,2
DA:78,2
DA:87,2
DA:88,2
DA:96,2
DA:108,2
DA:109,1
DA:110,1
DA:112,1
DA:122,9
DA:123,9
DA:126,8
DA:127,1
DA:131,7
DA:132,7
DA:135,6
DA:137,6
DA:140,5
DA:147,5
DA:154,5
DA:156,5
DA:157,3
DA:159,3
DA:160,2
DA:161,2
DA:164,1
DA:169,1
DA:175,5
LF:57
LH:57
BRDA:23,0,0,1
BRDA:23,0,1,3
BRDA:24,1,0,1
BRDA:24,1,1,2
BRDA:25,2,0,1
BRDA:25,2,1,1
BRDA:47,3,0,1
BRDA:47,3,1,1
BRDA:70,4,0,1
BRDA:70,4,1,3
BRDA:71,5,0,1
BRDA:71,5,1,2
BRDA:72,6,0,1
BRDA:72,6,1,0
BRDA:105,7,0,2
BRDA:105,7,1,1
BRDA:108,8,0,1
BRDA:108,8,1,1
BRDA:123,9,0,1
BRDA:123,9,1,8
BRDA:126,10,0,1
BRDA:126,10,1,7
BRDA:126,11,0,8
BRDA:126,11,1,7
BRDA:126,11,2,7
BRDA:132,12,0,1
BRDA:132,12,1,6
BRDA:137,13,0,1
BRDA:137,13,1,5
BRDA:140,14,0,3
BRDA:140,14,1,2
BRDA:142,15,0,1
BRDA:142,15,1,1
BRDA:150,16,0,1
BRDA:150,16,1,4
BRDA:156,17,0,3
BRDA:156,17,1,2
BRDA:159,18,0,2
BRDA:159,18,1,1
BRF:39
BRH:38
end_of_record
TN:
SF:src\application\products.service.ts
FN:6,(anonymous_2)
FN:8,(anonymous_3)
FNF:2
FNH:2
FNDA:6,(anonymous_2)
FNDA:2,(anonymous_3)
DA:1,2
DA:2,2
DA:5,2
DA:6,6
DA:9,2
LF:5
LH:5
BRF:0
BRH:0
end_of_record
TN:
SF:src\application\transactions.service.ts
FN:7,(anonymous_2)
FN:9,(anonymous_3)
FNF:2
FNH:2
FNDA:4,(anonymous_2)
FNDA:3,(anonymous_3)
DA:1,1
DA:2,1
DA:3,1
DA:6,1
DA:7,4
DA:10,3
DA:11,2
DA:12,1
LF:8
LH:8
BRDA:11,0,0,1
BRDA:11,0,1,1
BRF:2
BRH:2
end_of_record
TN:
SF:src\common\errors.ts
FNF:0
FNH:0
DA:1,3
DA:2,3
DA:3,3
LF:3
LH:3
BRF:0
BRH:0
end_of_record
TN:
SF:src\config\env.ts
FNF:0
FNH:0
DA:1,4
LF:1
LH:1
BRDA:2,0,0,0
BRDA:2,0,1,4
BRDA:4,1,0,4
BRDA:4,1,1,4
BRDA:8,2,0,4
BRDA:8,2,1,4
BRDA:9,3,0,4
BRDA:9,3,1,4
BRDA:11,4,0,4
BRDA:11,4,1,4
BRDA:12,5,0,4
BRDA:12,5,1,4
BRDA:13,6,0,4
BRDA:13,6,1,4
BRDA:15,7,0,4
BRDA:15,7,1,4
BRDA:16,8,0,4
BRDA:16,8,1,4
BRDA:17,9,0,4
BRDA:17,9,1,4
BRDA:18,10,0,4
BRDA:18,10,1,4
BRF:22
BRH:21
end_of_record
TN:
SF:src\domain\dto\checkout.dto.ts
FN:93,(anonymous_2)
FN:108,(anonymous_3)
FNF:2
FNH:2
FNDA:5,(anonymous_2)
FNDA:5,(anonymous_3)
DA:1,2
DA:2,2
DA:11,2
DA:17,2
DA:21,2
DA:26,2
DA:31,2
DA:36,2
DA:43,2
DA:48,2
DA:53,2
DA:58,2
DA:63,2
DA:68,2
DA:71,2
DA:75,2
DA:80,2
DA:93,5
DA:94,2
DA:108,5
DA:109,2
DA:112,2
DA:116,2
DA:121,2
DA:126,2
DA:131,2
DA:136,2
DA:141,2
DA:147,2
LF:29
LH:29
BRF:0
BRH:0
end_of_record
TN:
SF:src\infrastructure\apipay\apipay.client.ts
FN:12,(anonymous_1)
FN:33,(anonymous_2)
FN:49,(anonymous_3)
FN:89,(anonymous_4)
FNF:4
FNH:4
FNDA:1,(anonymous_1)
FNDA:1,(anonymous_2)
FNDA:3,(anonymous_3)
FNDA:1,(anonymous_4)
DA:2,3
DA:3,3
DA:6,3
DA:7,8
DA:18,1
DA:22,1
DA:41,1
DA:46,1
DA:62,3
DA:79,3
DA:80,3
DA:83,2
DA:85,1
DA:90,1
DA:93,1
LF:15
LH:15
BRDA:73,0,0,3
BRDA:73,0,1,2
BRF:2
BRH:2
end_of_record
TN:
SF:src\infrastructure\apipay\apipay.integrity.ts
FN:3,ApiPayIntegritySignature
FNF:1
FNH:1
FNDA:2,ApiPayIntegritySignature
DA:1,2
DA:3,2
DA:11,2
DA:17,2
LF:4
LH:4
BRDA:14,0,0,2
BRDA:14,0,1,2
BRF:2
BRH:2
end_of_record
TN:
SF:src\infrastructure\apipay\apipay.module.ts
FNF:0
FNH:0
DA:1,1
DA:2,1
DA:13,1
LF:3
LH:3
BRF:0
BRH:0
end_of_record
TN:
SF:src\infrastructure\dynamo\dynamo.client.ts
FN:10,(anonymous_2)
FNF:1
FNH:1
FNDA:3,(anonymous_2)
DA:1,6
DA:2,6
DA:3,6
DA:4,6
DA:7,6
DA:11,3
DA:16,3
LF:7
LH:7
BRDA:13,0,0,0
BRDA:13,0,1,3
BRDA:14,1,0,0
BRDA:14,1,1,3
BRF:4
BRH:2
end_of_record
TN:
SF:src\infrastructure\dynamo\dynamo.module.ts
FNF:0
FNH:0
DA:1,1
DA:2,1
DA:8,1
LF:3
LH:3
BRF:0
BRH:0
end_of_record
TN:
SF:src\infrastructure\repository\products.repository.ts
FN:9,(anonymous_2)
FN:11,(anonymous_3)
FN:18,(anonymous_4)
FN:28,(anonymous_5)
FNF:4
FNH:4
FNDA:9,(anonymous_2)
FNDA:2,(anonymous_3)
FNDA:2,(anonymous_4)
FNDA:2,(anonymous_5)
DA:1,4
DA:2,4
DA:3,4
DA:5,4
DA:8,4
DA:9,9
DA:12,2
DA:15,2
DA:19,2
DA:25,2
DA:29,2
LF:11
LH:11
BRDA:15,0,0,2
BRDA:15,0,1,1
BRDA:25,1,0,2
BRDA:25,1,1,1
BRF:4
BRH:4
end_of_record
TN:
SF:src\infrastructure\repository\transactions.repository.ts
FN:9,(anonymous_2)
FN:11,(anonymous_3)
FN:20,(anonymous_4)
FN:30,(anonymous_5)
FN:44,(anonymous_6)
FN:67,(anonymous_7)
FN:85,(anonymous_8)
FN:106,(anonymous_9)
FNF:8
FNH:8
FNDA:14,(anonymous_2)
FNDA:1,(anonymous_3)
FNDA:2,(anonymous_4)
FNDA:1,(anonymous_5)
FNDA:1,(anonymous_6)
FNDA:2,(anonymous_7)
FNDA:2,(anonymous_8)
FNDA:2,(anonymous_9)
DA:1,4
DA:2,4
DA:3,4
DA:4,4
DA:8,4
DA:9,14
DA:12,1
DA:21,2
DA:27,2
DA:31,1
DA:33,1
DA:49,1
DA:50,1
DA:68,2
DA:69,2
DA:79,1
DA:81,1
DA:90,2
DA:91,2
DA:112,2
DA:114,2
LF:21
LH:21
BRDA:27,0,0,2
BRDA:27,0,1,1
BRDA:98,1,0,2
BRDA:98,1,1,1
BRDA:99,2,0,2
BRDA:99,2,1,1
BRDA:123,3,0,2
BRDA:123,3,1,1
BRDA:124,4,0,2
BRDA:124,4,1,1
BRF:10
BRH:10
end_of_record
TN:
SF:src\interfaces\http\checkout.controller.ts
FN:7,(anonymous_4)
FN:10,(anonymous_5)
FN:15,(anonymous_6)
FNF:3
FNH:1
FNDA:3,(anonymous_4)
FNDA:0,(anonymous_5)
FNDA:0,(anonymous_6)
DA:1,1
DA:2,1
DA:3,1
DA:6,1
DA:7,3
DA:10,1
DA:11,0
DA:15,1
DA:16,0
LF:9
LH:7
BRF:0
BRH:0
end_of_record
TN:
SF:src\interfaces\http\products.controller.ts
FN:6,(anonymous_2)
FN:9,(anonymous_3)
FNF:2
FNH:1
FNDA:3,(anonymous_2)
FNDA:0,(anonymous_3)
DA:1,1
DA:2,1
DA:5,1
DA:6,3
DA:9,1
DA:10,0
LF:6
LH:5
BRF:0
BRH:0
end_of_record
TN:
SF:src\interfaces\http\transactions.controller.ts
FN:6,(anonymous_4)
FN:9,(anonymous_5)
FNF:2
FNH:1
FNDA:3,(anonymous_4)
FNDA:0,(anonymous_5)
DA:1,1
DA:2,1
DA:5,1
DA:6,3
DA:9,1
DA:10,0
LF:6
LH:5
BRF:0
BRH:0
end_of_record
